Mapbox-Android-Java/app/build/intermediates/manifest_merge_blame_file/debug/manifest-merger-blame-debug-report.txt
1<?xml version="1.0" encoding="utf-8"?>
2<manifest xmlns:android="http://schemas.android.com/apk/res/android"
3    package="com.example.mapbox"
4    android:versionCode="1"
5    android:versionName="1.0" >
6
7    <uses-sdk
8        android:minSdkVersion="24"
9        android:targetSdkVersion="33" />
10
11    <uses-permission android:name="android.permission.ACCESS_FINE_LOCATION" />
11-->src/main/AndroidManifest.xml:6:5-78
11-->src/main/AndroidManifest.xml:6:22-76
12    <uses-permission android:name="android.permission.ACCESS_COARSE_LOCATION" />
12-->src/main/AndroidManifest.xml:7:5-80
12-->src/main/AndroidManifest.xml:7:22-78
13
14    <uses-feature
14-->[com.mapbox.maps:android-core:10.14.1] AndroidManifest.xml:10:5-12:35
15        android:glEsVersion="0x00020000"
15-->[com.mapbox.maps:android-core:10.14.1] AndroidManifest.xml:11:9-41
16        android:required="true" />
16-->[com.mapbox.maps:android-core:10.14.1] AndroidManifest.xml:12:9-32
17    <uses-feature
17-->[com.mapbox.maps:android-core:10.14.1] AndroidManifest.xml:13:5-15:36
18        android:name="android.hardware.wifi"
18-->[com.mapbox.maps:android-core:10.14.1] AndroidManifest.xml:14:9-45
19        android:required="false" /> <!-- Implied by ACCESS_WIFI_STATE. -->
19-->[com.mapbox.maps:android-core:10.14.1] AndroidManifest.xml:15:9-33
20    <uses-permission android:name="android.permission.INTERNET" />
20-->[com.mapbox.maps:android-core:10.14.1] AndroidManifest.xml:17:5-67
20-->[com.mapbox.maps:android-core:10.14.1] AndroidManifest.xml:17:22-64
21    <uses-permission android:name="android.permission.ACCESS_NETWORK_STATE" />
21-->[com.mapbox.maps:android-core:10.14.1] AndroidManifest.xml:18:5-79
21-->[com.mapbox.maps:android-core:10.14.1] AndroidManifest.xml:18:22-76
22    <uses-permission android:name="android.permission.ACCESS_WIFI_STATE" />
22-->[com.mapbox.maps:android-core:10.14.1] AndroidManifest.xml:19:5-76
22-->[com.mapbox.maps:android-core:10.14.1] AndroidManifest.xml:19:22-73
23
24    <permission
24-->[androidx.core:core:1.9.0] AndroidManifest.xml:22:5-24:47
25        android:name="com.example.mapbox.DYNAMIC_RECEIVER_NOT_EXPORTED_PERMISSION"
25-->[androidx.core:core:1.9.0] AndroidManifest.xml:23:9-81
26        android:protectionLevel="signature" />
26-->[androidx.core:core:1.9.0] AndroidManifest.xml:24:9-44
27
28    <uses-permission android:name="com.example.mapbox.DYNAMIC_RECEIVER_NOT_EXPORTED_PERMISSION" />
28-->[androidx.core:core:1.9.0] AndroidManifest.xml:26:5-97
28-->[androidx.core:core:1.9.0] AndroidManifest.xml:26:22-94
29
30    <application
30-->src/main/AndroidManifest.xml:9:5-33:19
31        android:allowBackup="true"
31-->src/main/AndroidManifest.xml:10:9-35
32        android:appComponentFactory="androidx.core.app.CoreComponentFactory"
32-->[androidx.core:core:1.9.0] AndroidManifest.xml:28:18-86
33        android:dataExtractionRules="@xml/data_extraction_rules"
33-->src/main/AndroidManifest.xml:11:9-65
34        android:debuggable="true"
35        android:extractNativeLibs="false"
36        android:fullBackupContent="@xml/backup_rules"
36-->src/main/AndroidManifest.xml:12:9-54
37        android:icon="@mipmap/ic_launcher"
37-->src/main/AndroidManifest.xml:13:9-43
38        android:label="@string/app_name"
38-->src/main/AndroidManifest.xml:14:9-41
39        android:roundIcon="@mipmap/ic_launcher_round"
39-->src/main/AndroidManifest.xml:15:9-54
40        android:supportsRtl="true"
40-->src/main/AndroidManifest.xml:16:9-35
41        android:testOnly="true"
42        android:theme="@style/Theme.Mapbox" >
42-->src/main/AndroidManifest.xml:17:9-44
43        <activity
43-->src/main/AndroidManifest.xml:19:9-27:20
44            android:name="com.example.mapbox.MainActivity"
44-->src/main/AndroidManifest.xml:20:13-41
45            android:exported="true" >
45-->src/main/AndroidManifest.xml:21:13-36
46            <intent-filter>
46-->src/main/AndroidManifest.xml:22:13-26:29
47                <action android:name="android.intent.action.MAIN" />
47-->src/main/AndroidManifest.xml:23:17-69
47-->src/main/AndroidManifest.xml:23:25-66
48
49                <category android:name="android.intent.category.LAUNCHER" />
49-->src/main/AndroidManifest.xml:25:17-77
49-->src/main/AndroidManifest.xml:25:27-74
50            </intent-filter>
51        </activity>
52        <activity
52-->src/main/AndroidManifest.xml:28:9-32:20
53            android:name="com.example.mapbox.MainActivity2"
53-->src/main/AndroidManifest.xml:29:13-42
54            android:exported="true" >
54-->src/main/AndroidManifest.xml:30:13-36
55        </activity>
56
57        <provider
57-->[androidx.emoji2:emoji2:1.2.0] AndroidManifest.xml:24:9-32:20
58            android:name="androidx.startup.InitializationProvider"
58-->[androidx.emoji2:emoji2:1.2.0] AndroidManifest.xml:25:13-67
59            android:authorities="com.example.mapbox.androidx-startup"
59-->[androidx.emoji2:emoji2:1.2.0] AndroidManifest.xml:26:13-68
60            android:exported="false" >
60-->[androidx.emoji2:emoji2:1.2.0] AndroidManifest.xml:27:13-37
61            <meta-data
61-->[androidx.emoji2:emoji2:1.2.0] AndroidManifest.xml:29:13-31:52
62                android:name="androidx.emoji2.text.EmojiCompatInitializer"
62-->[androidx.emoji2:emoji2:1.2.0] AndroidManifest.xml:30:17-75
63                android:value="androidx.startup" />
63-->[androidx.emoji2:emoji2:1.2.0] AndroidManifest.xml:31:17-49
64            <meta-data
64-->[com.mapbox.maps:android-core:10.14.1] AndroidManifest.xml:27:13-29:52
65                android:name="com.mapbox.maps.loader.MapboxMapsInitializer"
65-->[com.mapbox.maps:android-core:10.14.1] AndroidManifest.xml:28:17-76
66                android:value="androidx.startup" /> <!-- This entry makes MapboxSDKCommonInitializer discoverable. -->
66-->[com.mapbox.maps:android-core:10.14.1] AndroidManifest.xml:29:17-49
67            <meta-data
67-->[com.mapbox.common:common:23.6.0] AndroidManifest.xml:21:13-23:52
68                android:name="com.mapbox.common.MapboxSDKCommonInitializer"
68-->[com.mapbox.common:common:23.6.0] AndroidManifest.xml:22:17-76
69                android:value="androidx.startup" />
69-->[com.mapbox.common:common:23.6.0] AndroidManifest.xml:23:17-49
70            <meta-data
70-->[androidx.lifecycle:lifecycle-process:2.4.1] AndroidManifest.xml:31:13-33:52
71                android:name="androidx.lifecycle.ProcessLifecycleInitializer"
71-->[androidx.lifecycle:lifecycle-process:2.4.1] AndroidManifest.xml:32:17-78
72                android:value="androidx.startup" />
72-->[androidx.lifecycle:lifecycle-process:2.4.1] AndroidManifest.xml:33:17-49
73        </provider>
74
75        <receiver
75-->[com.mapbox.common:common:23.6.0] AndroidManifest.xml:26:9-33:20
76            android:name="com.mapbox.common.location.LocationUpdatesReceiver"
76-->[com.mapbox.common:common:23.6.0] AndroidManifest.xml:27:13-78
77            android:enabled="true"
77-->[com.mapbox.common:common:23.6.0] AndroidManifest.xml:28:13-35
78            android:exported="false" >
78-->[com.mapbox.common:common:23.6.0] AndroidManifest.xml:29:13-37
79            <intent-filter>
79-->[com.mapbox.common:common:23.6.0] AndroidManifest.xml:30:13-32:29
80                <action android:name="com.mapbox.common.location.LocationUpdatesReceiver.ACTION_PROCESS_LOCATION_UPDATES" />
80-->[com.mapbox.common:common:23.6.0] AndroidManifest.xml:31:17-125
80-->[com.mapbox.common:common:23.6.0] AndroidManifest.xml:31:25-122
81            </intent-filter>
82        </receiver>
83
84        <service
84-->[com.mapbox.common:common:23.6.0] AndroidManifest.xml:35:9-37:40
85            android:name="com.mapbox.common.LifecycleService"
85-->[com.mapbox.common:common:23.6.0] AndroidManifest.xml:36:13-62
86            android:exported="false" />
86-->[com.mapbox.common:common:23.6.0] AndroidManifest.xml:37:13-37
87    </application>
88
89</manifest>